0 info it worked if it ends with ok
1 verbose cli [ '/usr/bin/nodejs', '/usr/bin/npm', 'run', 'deploy' ]
2 info using npm@1.3.10
3 info using node@v0.10.25
4 verbose run-script [ 'predeploy', 'deploy', 'postdeploy' ]
5 info predeploy myPortfolio@1.0.0
6 info deploy myPortfolio@1.0.0
7 verbose unsafe-perm in lifecycle true
8 error Error: spawn ENOMEM
8 error     at errnoException (child_process.js:988:11)
8 error     at ChildProcess.spawn (child_process.js:935:11)
8 error     at exports.spawn (child_process.js:723:9)
8 error     at runPackageLifecycle (/usr/share/npm/lib/utils/lifecycle.js:154:14)
8 error     at Array.0 (/usr/lib/nodejs/slide/lib/bind-actor.js:15:8)
8 error     at LOOP (/usr/lib/nodejs/slide/lib/chain.js:15:14)
8 error     at chain (/usr/lib/nodejs/slide/lib/chain.js:20:5)
8 error     at lifecycle_ (/usr/share/npm/lib/utils/lifecycle.js:113:3)
8 error     at /usr/share/npm/lib/utils/lifecycle.js:58:5
8 error     at /usr/share/npm/lib/utils/lifecycle.js:128:12
9 error If you need help, you may report this log at:
9 error     <http://github.com/isaacs/npm/issues>
9 error or email it to:
9 error     <npm-@googlegroups.com>
10 error System Linux 3.4.0+
11 error command "/usr/bin/nodejs" "/usr/bin/npm" "run" "deploy"
12 error cwd /mnt/c/Users/Hinatsu/OneDrive/projects/myPortfolio
13 error node -v v0.10.25
14 error npm -v 1.3.10
15 error syscall spawn
16 error code ENOMEM
17 error errno ENOMEM
18 verbose exit [ 1, true ]
